<?xml version="1.0" encoding="utf-8"?>
<test-run id="2" name="readonly-bytes.exe" fullname="/Users/skarmatsky/OneDrive - УрФУ/1 курс/2 семестр/Программирование/Ulearn #2/3) Листы и словари/hashes-readonly-bytes.csproj/bin/Debug/readonly-bytes.exe" testcasecount="14" result="Passed" start-time="2022-03-07 12:08:53Z" end-time="2022-03-07 12:08:54Z" duration="0.300596" total="14" passed="14" failed="0" inconclusive="0" skipped="0" asserts="100035" random-seed="1712189956">
  <command-line><![CDATA["/Users/skarmatsky/OneDrive - УрФУ/1 курс/2 семестр/Программирование/Ulearn #2/3) Листы и словари/hashes-readonly-bytes.csproj/bin/Debug/readonly-bytes.exe"]]></command-line>
  <filter />
  <test-suite type="Assembly" id="1016" name="readonly-bytes.exe" fullname="/Users/skarmatsky/OneDrive - УрФУ/1 курс/2 семестр/Программирование/Ulearn #2/3) Листы и словари/hashes-readonly-bytes.csproj/bin/Debug/readonly-bytes.exe" runstate="Runnable" testcasecount="14" result="Passed" start-time="2022-03-07 12:08:53Z" end-time="2022-03-07 12:08:54Z" duration="0.300596" total="14" passed="14" failed="0" warnings="0" inconclusive="0" skipped="0" asserts="100035">
    <environment framework-version="3.6.0.0" clr-version="4.0.30319.42000" os-version="Unix 20.6.0.0" platform="Unix" cwd="/Users/skarmatsky/OneDrive - УрФУ/1 курс/2 семестр/Программирование/Ulearn #2/3) Листы и словари/hashes-readonly-bytes.csproj/bin/Debug" machine-name="iMac-Savely" user="skarmatsky" user-domain="iMac-Savely" culture="en-US" uiculture="en-US" os-architecture="x64" />
    <settings>
      <setting name="WorkDirectory" value="/Users/skarmatsky/OneDrive - УрФУ/1 курс/2 семестр/Программирование/Ulearn #2/3) Листы и словари/hashes-readonly-bytes.csproj/bin/Debug" />
      <setting name="NumberOfTestWorkers" value="4" />
    </settings>
    <properties>
      <property name="_PID" value="6465" />
      <property name="_APPDOMAIN" value="readonly-bytes.exe" />
    </properties>
    <test-suite type="TestSuite" id="1017" name="hashes" fullname="hashes" runstate="Runnable" testcasecount="14" result="Passed" start-time="2022-03-07 12:08:54Z" end-time="2022-03-07 12:08:54Z" duration="0.276425" total="14" passed="14" failed="0" warnings="0" inconclusive="0" skipped="0" asserts="100035">
      <test-suite type="TestFixture" id="1000" name="ReadonlyBytesTests" fullname="hashes.ReadonlyBytesTests" classname="hashes.ReadonlyBytesTests" runstate="Runnable" testcasecount="14" result="Passed" start-time="2022-03-07 12:08:54Z" end-time="2022-03-07 12:08:54Z" duration="0.272391" total="14" passed="14" failed="0" warnings="0" inconclusive="0" skipped="0" asserts="100035">
        <test-case id="1001" name="Creation" fullname="hashes.ReadonlyBytesTests.Creation" methodname="Creation" classname="hashes.ReadonlyBytesTests" runstate="Runnable" seed="469020996" result="Passed" start-time="2022-03-07 12:08:54Z" end-time="2022-03-07 12:08:54Z" duration="0.002224" asserts="0" />
        <test-case id="1002" name="CreationException" fullname="hashes.ReadonlyBytesTests.CreationException" methodname="CreationException" classname="hashes.ReadonlyBytesTests" runstate="Runnable" seed="1443920750" result="Passed" start-time="2022-03-07 12:08:54Z" end-time="2022-03-07 12:08:54Z" duration="0.007944" asserts="1" />
        <test-case id="1006" name="Enumeration" fullname="hashes.ReadonlyBytesTests.Enumeration" methodname="Enumeration" classname="hashes.ReadonlyBytesTests" runstate="Runnable" seed="1296588645" result="Passed" start-time="2022-03-07 12:08:54Z" end-time="2022-03-07 12:08:54Z" duration="0.007761" asserts="1" />
        <test-case id="1007" name="EqualOnSameBytes" fullname="hashes.ReadonlyBytesTests.EqualOnSameBytes" methodname="EqualOnSameBytes" classname="hashes.ReadonlyBytesTests" runstate="Runnable" seed="2068249310" result="Passed" start-time="2022-03-07 12:08:54Z" end-time="2022-03-07 12:08:54Z" duration="0.000992" asserts="4" />
        <test-case id="1013" name="HashCode" fullname="hashes.ReadonlyBytesTests.HashCode" methodname="HashCode" classname="hashes.ReadonlyBytesTests" runstate="Runnable" seed="498023114" result="Passed" start-time="2022-03-07 12:08:54Z" end-time="2022-03-07 12:08:54Z" duration="0.003615" asserts="8" />
        <test-case id="1004" name="Indexer" fullname="hashes.ReadonlyBytesTests.Indexer" methodname="Indexer" classname="hashes.ReadonlyBytesTests" runstate="Runnable" seed="1262703109" result="Passed" start-time="2022-03-07 12:08:54Z" end-time="2022-03-07 12:08:54Z" duration="0.000281" asserts="3" />
        <test-case id="1005" name="IndexOutOfRangeException" fullname="hashes.ReadonlyBytesTests.IndexOutOfRangeException" methodname="IndexOutOfRangeException" classname="hashes.ReadonlyBytesTests" runstate="Runnable" seed="804745538" result="Passed" start-time="2022-03-07 12:08:54Z" end-time="2022-03-07 12:08:54Z" duration="0.000533" asserts="1" />
        <test-case id="1003" name="Length" fullname="hashes.ReadonlyBytesTests.Length" methodname="Length" classname="hashes.ReadonlyBytesTests" runstate="Runnable" seed="398663226" result="Passed" start-time="2022-03-07 12:08:54Z" end-time="2022-03-07 12:08:54Z" duration="0.000238" asserts="1" />
        <test-case id="1015" name="MassiveCallToGetHashCodeOfLargeBytesArray" fullname="hashes.ReadonlyBytesTests.MassiveCallToGetHashCodeOfLargeBytesArray" methodname="MassiveCallToGetHashCodeOfLargeBytesArray" classname="hashes.ReadonlyBytesTests" runstate="Runnable" seed="346516128" result="Passed" start-time="2022-03-07 12:08:54Z" end-time="2022-03-07 12:08:54Z" duration="0.199417" asserts="100000" />
        <test-case id="1008" name="NotEqualIfBytesDiffer" fullname="hashes.ReadonlyBytesTests.NotEqualIfBytesDiffer" methodname="NotEqualIfBytesDiffer" classname="hashes.ReadonlyBytesTests" runstate="Runnable" seed="62667907" result="Passed" start-time="2022-03-07 12:08:54Z" end-time="2022-03-07 12:08:54Z" duration="0.000624" asserts="4" />
        <test-suite type="ParameterizedMethod" id="1012" name="NotEqualWithOtherTypes" fullname="hashes.ReadonlyBytesTests.NotEqualWithOtherTypes" classname="hashes.ReadonlyBytesTests" runstate="Runnable" testcasecount="3" result="Passed" start-time="2022-03-07 12:08:54Z" end-time="2022-03-07 12:08:54Z" duration="0.010591" total="3" passed="3" failed="0" warnings="0" inconclusive="0" skipped="0" asserts="9">
          <test-case id="1009" name="NotEqualWithOtherTypes(System.Byte[])" fullname="hashes.ReadonlyBytesTests.NotEqualWithOtherTypes(System.Byte[])" methodname="NotEqualWithOtherTypes" classname="hashes.ReadonlyBytesTests" runstate="Runnable" seed="779505131" result="Passed" start-time="2022-03-07 12:08:54Z" end-time="2022-03-07 12:08:54Z" duration="0.000828" asserts="3" />
          <test-case id="1010" name="NotEqualWithOtherTypes(System.Byte[])" fullname="hashes.ReadonlyBytesTests.NotEqualWithOtherTypes(System.Byte[])" methodname="NotEqualWithOtherTypes" classname="hashes.ReadonlyBytesTests" runstate="Runnable" seed="1418443093" result="Passed" start-time="2022-03-07 12:08:54Z" end-time="2022-03-07 12:08:54Z" duration="0.000112" asserts="3" />
          <test-case id="1011" name="NotEqualWithOtherTypes(System.Byte[])" fullname="hashes.ReadonlyBytesTests.NotEqualWithOtherTypes(System.Byte[])" methodname="NotEqualWithOtherTypes" classname="hashes.ReadonlyBytesTests" runstate="Runnable" seed="365229783" result="Passed" start-time="2022-03-07 12:08:54Z" end-time="2022-03-07 12:08:54Z" duration="0.000129" asserts="3" />
        </test-suite>
        <test-case id="1014" name="ToStringIsOverridden" fullname="hashes.ReadonlyBytesTests.ToStringIsOverridden" methodname="ToStringIsOverridden" classname="hashes.ReadonlyBytesTests" runstate="Runnable" seed="1372137609" result="Passed" start-time="2022-03-07 12:08:54Z" end-time="2022-03-07 12:08:54Z" duration="0.000645" asserts="3" />
      </test-suite>
    </test-suite>
  </test-suite>
</test-run>