<?xml version="1.0" encoding="utf-8"?>
<test-run id="2" name="GaussAlgorithm.exe" fullname="/Users/skarmatsky/OneDrive - УрФУ/1 курс/2 семестр/Программирование/Ulearn #2/6) LINQ/GaussianAlgorithm.csproj/bin/Debug/GaussAlgorithm.exe" testcasecount="37" result="Passed" start-time="2022-05-15 08:59:04Z" end-time="2022-05-15 08:59:06Z" duration="1.940963" total="37" passed="37" failed="0" inconclusive="0" skipped="0" asserts="13564" random-seed="664832462">
  <command-line><![CDATA["/Users/skarmatsky/OneDrive - УрФУ/1 курс/2 семестр/Программирование/Ulearn #2/6) LINQ/GaussianAlgorithm.csproj/bin/Debug/GaussAlgorithm.exe"]]></command-line>
  <filter />
  <test-suite type="Assembly" id="1045" name="GaussAlgorithm.exe" fullname="/Users/skarmatsky/OneDrive - УрФУ/1 курс/2 семестр/Программирование/Ulearn #2/6) LINQ/GaussianAlgorithm.csproj/bin/Debug/GaussAlgorithm.exe" runstate="Runnable" testcasecount="37" result="Passed" start-time="2022-05-15 08:59:04Z" end-time="2022-05-15 08:59:06Z" duration="1.940963" total="37" passed="37" failed="0" warnings="0" inconclusive="0" skipped="0" asserts="13564">
    <environment framework-version="3.6.0.0" clr-version="4.0.30319.42000" os-version="Unix 20.6.0.0" platform="Unix" cwd="/Users/skarmatsky/OneDrive - УрФУ/1 курс/2 семестр/Программирование/Ulearn #2/6) LINQ/GaussianAlgorithm.csproj/bin/Debug" machine-name="iMac-Savely" user="skarmatsky" user-domain="iMac-Savely" culture="en-US" uiculture="en-US" os-architecture="x64" />
    <settings>
      <setting name="WorkDirectory" value="/Users/skarmatsky/OneDrive - УрФУ/1 курс/2 семестр/Программирование/Ulearn #2/6) LINQ/GaussianAlgorithm.csproj/bin/Debug" />
      <setting name="NumberOfTestWorkers" value="4" />
    </settings>
    <properties>
      <property name="_PID" value="8914" />
      <property name="_APPDOMAIN" value="GaussAlgorithm.exe" />
    </properties>
    <test-suite type="TestSuite" id="1046" name="GaussAlgorithm" fullname="GaussAlgorithm" runstate="Runnable" testcasecount="37" result="Passed" start-time="2022-05-15 08:59:05Z" end-time="2022-05-15 08:59:06Z" duration="1.910681" total="37" passed="37" failed="0" warnings="0" inconclusive="0" skipped="0" asserts="13564">
      <test-suite type="TestFixture" id="1000" name="Solver_Should" fullname="GaussAlgorithm.Solver_Should" classname="GaussAlgorithm.Solver_Should" runstate="Runnable" testcasecount="37" result="Passed" start-time="2022-05-15 08:59:05Z" end-time="2022-05-15 08:59:06Z" duration="1.907226" total="37" passed="37" failed="0" warnings="0" inconclusive="0" skipped="0" asserts="13564">
        <test-suite type="ParameterizedMethod" id="1044" name="Solve_WhenHasLinearlyDependentRows" fullname="GaussAlgorithm.Solver_Should.Solve_WhenHasLinearlyDependentRows" classname="GaussAlgorithm.Solver_Should" runstate="Runnable" testcasecount="5" result="Passed" start-time="2022-05-15 08:59:05Z" end-time="2022-05-15 08:59:05Z" duration="0.052525" total="5" passed="5" failed="0" warnings="0" inconclusive="0" skipped="0" asserts="24">
          <test-case id="1039" name="Solve_WhenHasLinearlyDependentRows(10)" fullname="GaussAlgorithm.Solver_Should.Solve_WhenHasLinearlyDependentRows(10)" methodname="Solve_WhenHasLinearlyDependentRows" classname="GaussAlgorithm.Solver_Should" runstate="Runnable" seed="1590289807" result="Passed" start-time="2022-05-15 08:59:05Z" end-time="2022-05-15 08:59:05Z" duration="0.032114" asserts="10" />
          <test-case id="1040" name="Solve_WhenHasLinearlyDependentRows(5)" fullname="GaussAlgorithm.Solver_Should.Solve_WhenHasLinearlyDependentRows(5)" methodname="Solve_WhenHasLinearlyDependentRows" classname="GaussAlgorithm.Solver_Should" runstate="Runnable" seed="869982880" result="Passed" start-time="2022-05-15 08:59:05Z" end-time="2022-05-15 08:59:05Z" duration="0.000562" asserts="5" />
          <test-case id="1041" name="Solve_WhenHasLinearlyDependentRows(4)" fullname="GaussAlgorithm.Solver_Should.Solve_WhenHasLinearlyDependentRows(4)" methodname="Solve_WhenHasLinearlyDependentRows" classname="GaussAlgorithm.Solver_Should" runstate="Runnable" seed="776914155" result="Passed" start-time="2022-05-15 08:59:05Z" end-time="2022-05-15 08:59:05Z" duration="0.000364" asserts="4" />
          <test-case id="1042" name="Solve_WhenHasLinearlyDependentRows(3)" fullname="GaussAlgorithm.Solver_Should.Solve_WhenHasLinearlyDependentRows(3)" methodname="Solve_WhenHasLinearlyDependentRows" classname="GaussAlgorithm.Solver_Should" runstate="Runnable" seed="274207803" result="Passed" start-time="2022-05-15 08:59:05Z" end-time="2022-05-15 08:59:05Z" duration="0.000269" asserts="3" />
          <test-case id="1043" name="Solve_WhenHasLinearlyDependentRows(2)" fullname="GaussAlgorithm.Solver_Should.Solve_WhenHasLinearlyDependentRows(2)" methodname="Solve_WhenHasLinearlyDependentRows" classname="GaussAlgorithm.Solver_Should" runstate="Runnable" seed="1954025536" result="Passed" start-time="2022-05-15 08:59:05Z" end-time="2022-05-15 08:59:05Z" duration="0.000261" asserts="2" />
        </test-suite>
        <test-suite type="ParameterizedMethod" id="1008" name="SolveCommonCases_1x1" fullname="GaussAlgorithm.Solver_Should.SolveCommonCases_1x1" classname="GaussAlgorithm.Solver_Should" runstate="Runnable" testcasecount="7" result="Passed" start-time="2022-05-15 08:59:05Z" end-time="2022-05-15 08:59:05Z" duration="0.020319" total="7" passed="7" failed="0" warnings="0" inconclusive="0" skipped="0" asserts="10">
          <test-case id="1001" name="SolveCommonCases_1x1(1,1,42)" fullname="GaussAlgorithm.Solver_Should.SolveCommonCases_1x1(1,1,42)" methodname="SolveCommonCases_1x1" classname="GaussAlgorithm.Solver_Should" runstate="Runnable" seed="2087571453" result="Passed" start-time="2022-05-15 08:59:05Z" end-time="2022-05-15 08:59:05Z" duration="0.000691" asserts="1" />
          <test-case id="1002" name="SolveCommonCases_1x1(1,2,-42)" fullname="GaussAlgorithm.Solver_Should.SolveCommonCases_1x1(1,2,-42)" methodname="SolveCommonCases_1x1" classname="GaussAlgorithm.Solver_Should" runstate="Runnable" seed="99772514" result="Passed" start-time="2022-05-15 08:59:05Z" end-time="2022-05-15 08:59:05Z" duration="0.000169" asserts="1" />
          <test-case id="1003" name="SolveCommonCases_1x1(1,-100,0)" fullname="GaussAlgorithm.Solver_Should.SolveCommonCases_1x1(1,-100,0)" methodname="SolveCommonCases_1x1" classname="GaussAlgorithm.Solver_Should" runstate="Runnable" seed="747138592" result="Passed" start-time="2022-05-15 08:59:05Z" end-time="2022-05-15 08:59:05Z" duration="0.000144" asserts="1" />
          <test-case id="1004" name="SolveCommonCases_1x1(1,0,0)" fullname="GaussAlgorithm.Solver_Should.SolveCommonCases_1x1(1,0,0)" methodname="SolveCommonCases_1x1" classname="GaussAlgorithm.Solver_Should" runstate="Runnable" seed="2024359614" result="Passed" start-time="2022-05-15 08:59:05Z" end-time="2022-05-15 08:59:05Z" duration="0.000177" asserts="1" />
          <test-case id="1005" name="SolveCommonCases_1x1(1,1,21,2,42)" fullname="GaussAlgorithm.Solver_Should.SolveCommonCases_1x1(1,1,21,2,42)" methodname="SolveCommonCases_1x1" classname="GaussAlgorithm.Solver_Should" runstate="Runnable" seed="1209925764" result="Passed" start-time="2022-05-15 08:59:05Z" end-time="2022-05-15 08:59:05Z" duration="0.000209" asserts="2" />
          <test-case id="1006" name="SolveCommonCases_1x1(1,2,42,1,21)" fullname="GaussAlgorithm.Solver_Should.SolveCommonCases_1x1(1,2,42,1,21)" methodname="SolveCommonCases_1x1" classname="GaussAlgorithm.Solver_Should" runstate="Runnable" seed="891598216" result="Passed" start-time="2022-05-15 08:59:05Z" end-time="2022-05-15 08:59:05Z" duration="0.000182" asserts="2" />
          <test-case id="1007" name="SolveCommonCases_1x1(1,0,0,0,0)" fullname="GaussAlgorithm.Solver_Should.SolveCommonCases_1x1(1,0,0,0,0)" methodname="SolveCommonCases_1x1" classname="GaussAlgorithm.Solver_Should" runstate="Runnable" seed="479830777" result="Passed" start-time="2022-05-15 08:59:05Z" end-time="2022-05-15 08:59:05Z" duration="0.000172" asserts="2" />
        </test-suite>
        <test-suite type="ParameterizedMethod" id="1017" name="SolveCommonCases_2x2" fullname="GaussAlgorithm.Solver_Should.SolveCommonCases_2x2" classname="GaussAlgorithm.Solver_Should" runstate="Runnable" testcasecount="8" result="Passed" start-time="2022-05-15 08:59:05Z" end-time="2022-05-15 08:59:05Z" duration="0.022663" total="8" passed="8" failed="0" warnings="0" inconclusive="0" skipped="0" asserts="12">
          <test-case id="1009" name="SolveCommonCases_2x2(2,1,2,42)" fullname="GaussAlgorithm.Solver_Should.SolveCommonCases_2x2(2,1,2,42)" methodname="SolveCommonCases_2x2" classname="GaussAlgorithm.Solver_Should" runstate="Runnable" seed="146978376" result="Passed" start-time="2022-05-15 08:59:05Z" end-time="2022-05-15 08:59:05Z" duration="0.000251" asserts="1" />
          <test-case id="1010" name="SolveCommonCases_2x2(2,0,-2,42)" fullname="GaussAlgorithm.Solver_Should.SolveCommonCases_2x2(2,0,-2,42)" methodname="SolveCommonCases_2x2" classname="GaussAlgorithm.Solver_Should" runstate="Runnable" seed="1424888893" result="Passed" start-time="2022-05-15 08:59:05Z" end-time="2022-05-15 08:59:05Z" duration="0.000195" asserts="1" />
          <test-case id="1011" name="SolveCommonCases_2x2(2,-1,0,42)" fullname="GaussAlgorithm.Solver_Should.SolveCommonCases_2x2(2,-1,0,42)" methodname="SolveCommonCases_2x2" classname="GaussAlgorithm.Solver_Should" runstate="Runnable" seed="1393851096" result="Passed" start-time="2022-05-15 08:59:05Z" end-time="2022-05-15 08:59:05Z" duration="0.000163" asserts="1" />
          <test-case id="1012" name="SolveCommonCases_2x2(2,0,0,0)" fullname="GaussAlgorithm.Solver_Should.SolveCommonCases_2x2(2,0,0,0)" methodname="SolveCommonCases_2x2" classname="GaussAlgorithm.Solver_Should" runstate="Runnable" seed="1238781134" result="Passed" start-time="2022-05-15 08:59:05Z" end-time="2022-05-15 08:59:05Z" duration="0.000157" asserts="1" />
          <test-case id="1013" name="SolveCommonCases_2x2(2,1,2,1,3,-1,2)" fullname="GaussAlgorithm.Solver_Should.SolveCommonCases_2x2(2,1,2,1,3,-1,2)" methodname="SolveCommonCases_2x2" classname="GaussAlgorithm.Solver_Should" runstate="Runnable" seed="630260931" result="Passed" start-time="2022-05-15 08:59:05Z" end-time="2022-05-15 08:59:05Z" duration="0.000190" asserts="2" />
          <test-case id="1014" name="SolveCommonCases_2x2(2,1,-2,42,2,1,-31)" fullname="GaussAlgorithm.Solver_Should.SolveCommonCases_2x2(2,1,-2,42,2,1,-31)" methodname="SolveCommonCases_2x2" classname="GaussAlgorithm.Solver_Should" runstate="Runnable" seed="685029697" result="Passed" start-time="2022-05-15 08:59:05Z" end-time="2022-05-15 08:59:05Z" duration="0.000186" asserts="2" />
          <test-case id="1015" name="SolveCommonCases_2x2(2,-1,-2,-42,2,4,84)" fullname="GaussAlgorithm.Solver_Should.SolveCommonCases_2x2(2,-1,-2,-42,2,4,84)" methodname="SolveCommonCases_2x2" classname="GaussAlgorithm.Solver_Should" runstate="Runnable" seed="882163958" result="Passed" start-time="2022-05-15 08:59:05Z" end-time="2022-05-15 08:59:05Z" duration="0.000196" asserts="2" />
          <test-case id="1016" name="SolveCommonCases_2x2(2,1,2,42,-2,-4,-84)" fullname="GaussAlgorithm.Solver_Should.SolveCommonCases_2x2(2,1,2,42,-2,-4,-84)" methodname="SolveCommonCases_2x2" classname="GaussAlgorithm.Solver_Should" runstate="Runnable" seed="831444434" result="Passed" start-time="2022-05-15 08:59:05Z" end-time="2022-05-15 08:59:05Z" duration="0.000248" asserts="2" />
        </test-suite>
        <test-suite type="ParameterizedMethod" id="1021" name="SolveCommonCases_3x3" fullname="GaussAlgorithm.Solver_Should.SolveCommonCases_3x3" classname="GaussAlgorithm.Solver_Should" runstate="Runnable" testcasecount="3" result="Passed" start-time="2022-05-15 08:59:05Z" end-time="2022-05-15 08:59:05Z" duration="0.008781" total="3" passed="3" failed="0" warnings="0" inconclusive="0" skipped="0" asserts="10">
          <test-case id="1018" name="SolveCommonCases_3x3(3,2,4,6,12,1,2,3,6,1,1,3,5)" fullname="GaussAlgorithm.Solver_Should.SolveCommonCases_3x3(3,2,4,6,12,1,2,3,6,1,1,3,5)" methodname="SolveCommonCases_3x3" classname="GaussAlgorithm.Solver_Should" runstate="Runnable" seed="183169040" result="Passed" start-time="2022-05-15 08:59:05Z" end-time="2022-05-15 08:59:05Z" duration="0.000327" asserts="3" />
          <test-case id="1019" name="SolveCommonCases_3x3(3,2,4,6,12,1,2,4,7,1,2,6,9)" fullname="GaussAlgorithm.Solver_Should.SolveCommonCases_3x3(3,2,4,6,12,1,2,4,7,1,2,6,9)" methodname="SolveCommonCases_3x3" classname="GaussAlgorithm.Solver_Should" runstate="Runnable" seed="2026837426" result="Passed" start-time="2022-05-15 08:59:05Z" end-time="2022-05-15 08:59:05Z" duration="0.000246" asserts="3" />
          <test-case id="1020" name="SolveCommonCases_3x3(3,1.0d,1.0d,3.0d,5,1.0d,3.0d,1.0d,5,1.0d,2.0d,6.0d,9,2.0d,4.0d,12.0d,18)" fullname="GaussAlgorithm.Solver_Should.SolveCommonCases_3x3(3,1.0d,1.0d,3.0d,5,1.0d,3.0d,1.0d,5,1.0d,2.0d,6.0d,9,2.0d,4.0d,12.0d,18)" methodname="SolveCommonCases_3x3" classname="GaussAlgorithm.Solver_Should" runstate="Runnable" seed="1956928371" result="Passed" start-time="2022-05-15 08:59:05Z" end-time="2022-05-15 08:59:05Z" duration="0.000297" asserts="4" />
        </test-suite>
        <test-suite type="ParameterizedMethod" id="1028" name="SolveRandomMatrix" fullname="GaussAlgorithm.Solver_Should.SolveRandomMatrix" classname="GaussAlgorithm.Solver_Should" runstate="Runnable" testcasecount="6" result="Passed" start-time="2022-05-15 08:59:05Z" end-time="2022-05-15 08:59:06Z" duration="1.756710" total="6" passed="6" failed="0" warnings="0" inconclusive="0" skipped="0" asserts="13500">
          <properties>
            <property name="Repeat" value="500" />
          </properties>
          <test-case id="1022" name="SolveRandomMatrix(2,2)" fullname="GaussAlgorithm.Solver_Should.SolveRandomMatrix(2,2)" methodname="SolveRandomMatrix" classname="GaussAlgorithm.Solver_Should" runstate="Runnable" seed="534043255" result="Passed" start-time="2022-05-15 08:59:05Z" end-time="2022-05-15 08:59:05Z" duration="0.079566" asserts="1000" />
          <test-case id="1023" name="SolveRandomMatrix(3,3)" fullname="GaussAlgorithm.Solver_Should.SolveRandomMatrix(3,3)" methodname="SolveRandomMatrix" classname="GaussAlgorithm.Solver_Should" runstate="Runnable" seed="697624058" result="Passed" start-time="2022-05-15 08:59:05Z" end-time="2022-05-15 08:59:05Z" duration="0.123091" asserts="1500" />
          <test-case id="1024" name="SolveRandomMatrix(4,4)" fullname="GaussAlgorithm.Solver_Should.SolveRandomMatrix(4,4)" methodname="SolveRandomMatrix" classname="GaussAlgorithm.Solver_Should" runstate="Runnable" seed="1334585980" result="Passed" start-time="2022-05-15 08:59:05Z" end-time="2022-05-15 08:59:05Z" duration="0.144461" asserts="2000" />
          <test-case id="1025" name="SolveRandomMatrix(5,5)" fullname="GaussAlgorithm.Solver_Should.SolveRandomMatrix(5,5)" methodname="SolveRandomMatrix" classname="GaussAlgorithm.Solver_Should" runstate="Runnable" seed="1354493168" result="Passed" start-time="2022-05-15 08:59:05Z" end-time="2022-05-15 08:59:05Z" duration="0.215425" asserts="2500" />
          <test-case id="1026" name="SolveRandomMatrix(10,10)" fullname="GaussAlgorithm.Solver_Should.SolveRandomMatrix(10,10)" methodname="SolveRandomMatrix" classname="GaussAlgorithm.Solver_Should" runstate="Runnable" seed="1470296617" result="Passed" start-time="2022-05-15 08:59:05Z" end-time="2022-05-15 08:59:06Z" duration="1.060103" asserts="5000" />
          <test-case id="1027" name="SolveRandomMatrix(3,5)" fullname="GaussAlgorithm.Solver_Should.SolveRandomMatrix(3,5)" methodname="SolveRandomMatrix" classname="GaussAlgorithm.Solver_Should" runstate="Runnable" seed="1177697579" result="Passed" start-time="2022-05-15 08:59:06Z" end-time="2022-05-15 08:59:06Z" duration="0.113435" asserts="1500" />
        </test-suite>
        <test-suite type="ParameterizedMethod" id="1032" name="ThrowsException_WhenNoSolution" fullname="GaussAlgorithm.Solver_Should.ThrowsException_WhenNoSolution" classname="GaussAlgorithm.Solver_Should" runstate="Runnable" testcasecount="3" result="Passed" start-time="2022-05-15 08:59:06Z" end-time="2022-05-15 08:59:06Z" duration="0.012061" total="3" passed="3" failed="0" warnings="0" inconclusive="0" skipped="0" asserts="3">
          <test-case id="1029" name="ThrowsException_WhenNoSolution(1,1,1,1,-1)" fullname="GaussAlgorithm.Solver_Should.ThrowsException_WhenNoSolution(1,1,1,1,-1)" methodname="ThrowsException_WhenNoSolution" classname="GaussAlgorithm.Solver_Should" runstate="Runnable" seed="67110637" result="Passed" start-time="2022-05-15 08:59:06Z" end-time="2022-05-15 08:59:06Z" duration="0.004082" asserts="1" />
          <test-case id="1030" name="ThrowsException_WhenNoSolution(2,1,2,42,2,4,42)" fullname="GaussAlgorithm.Solver_Should.ThrowsException_WhenNoSolution(2,1,2,42,2,4,42)" methodname="ThrowsException_WhenNoSolution" classname="GaussAlgorithm.Solver_Should" runstate="Runnable" seed="555819325" result="Passed" start-time="2022-05-15 08:59:06Z" end-time="2022-05-15 08:59:06Z" duration="0.000164" asserts="1" />
          <test-case id="1031" name="ThrowsException_WhenNoSolution(3,2,4,6,12,1,2,3,6,1,2,3,7,1,1,3,5)" fullname="GaussAlgorithm.Solver_Should.ThrowsException_WhenNoSolution(3,2,4,6,12,1,2,3,6,1,2,3,7,1,1,3,5)" methodname="ThrowsException_WhenNoSolution" classname="GaussAlgorithm.Solver_Should" runstate="Runnable" seed="1867588006" result="Passed" start-time="2022-05-15 08:59:06Z" end-time="2022-05-15 08:59:06Z" duration="0.000244" asserts="1" />
        </test-suite>
        <test-suite type="ParameterizedMethod" id="1038" name="ThrowsException_WhenNoSolutionOnRandomMatrix" fullname="GaussAlgorithm.Solver_Should.ThrowsException_WhenNoSolutionOnRandomMatrix" classname="GaussAlgorithm.Solver_Should" runstate="Runnable" testcasecount="5" result="Passed" start-time="2022-05-15 08:59:06Z" end-time="2022-05-15 08:59:06Z" duration="0.014780" total="5" passed="5" failed="0" warnings="0" inconclusive="0" skipped="0" asserts="5">
          <test-case id="1033" name="ThrowsException_WhenNoSolutionOnRandomMatrix(10)" fullname="GaussAlgorithm.Solver_Should.ThrowsException_WhenNoSolutionOnRandomMatrix(10)" methodname="ThrowsException_WhenNoSolutionOnRandomMatrix" classname="GaussAlgorithm.Solver_Should" runstate="Runnable" seed="1235279367" result="Passed" start-time="2022-05-15 08:59:06Z" end-time="2022-05-15 08:59:06Z" duration="0.000553" asserts="1" />
          <test-case id="1034" name="ThrowsException_WhenNoSolutionOnRandomMatrix(5)" fullname="GaussAlgorithm.Solver_Should.ThrowsException_WhenNoSolutionOnRandomMatrix(5)" methodname="ThrowsException_WhenNoSolutionOnRandomMatrix" classname="GaussAlgorithm.Solver_Should" runstate="Runnable" seed="528166131" result="Passed" start-time="2022-05-15 08:59:06Z" end-time="2022-05-15 08:59:06Z" duration="0.000202" asserts="1" />
          <test-case id="1035" name="ThrowsException_WhenNoSolutionOnRandomMatrix(4)" fullname="GaussAlgorithm.Solver_Should.ThrowsException_WhenNoSolutionOnRandomMatrix(4)" methodname="ThrowsException_WhenNoSolutionOnRandomMatrix" classname="GaussAlgorithm.Solver_Should" runstate="Runnable" seed="1870510831" result="Passed" start-time="2022-05-15 08:59:06Z" end-time="2022-05-15 08:59:06Z" duration="0.000197" asserts="1" />
          <test-case id="1036" name="ThrowsException_WhenNoSolutionOnRandomMatrix(3)" fullname="GaussAlgorithm.Solver_Should.ThrowsException_WhenNoSolutionOnRandomMatrix(3)" methodname="ThrowsException_WhenNoSolutionOnRandomMatrix" classname="GaussAlgorithm.Solver_Should" runstate="Runnable" seed="1026470125" result="Passed" start-time="2022-05-15 08:59:06Z" end-time="2022-05-15 08:59:06Z" duration="0.000613" asserts="1" />
          <test-case id="1037" name="ThrowsException_WhenNoSolutionOnRandomMatrix(2)" fullname="GaussAlgorithm.Solver_Should.ThrowsException_WhenNoSolutionOnRandomMatrix(2)" methodname="ThrowsException_WhenNoSolutionOnRandomMatrix" classname="GaussAlgorithm.Solver_Should" runstate="Runnable" seed="1691128161" result="Passed" start-time="2022-05-15 08:59:06Z" end-time="2022-05-15 08:59:06Z" duration="0.000249" asserts="1" />
        </test-suite>
      </test-suite>
    </test-suite>
  </test-suite>
</test-run>